# JRE version: Java(TM) SE Runtime Environment (8.0_65-b17) (build 1.8.0_65-b17)
# Java VM: Java HotSpot(TM) 64-Bit Server VM (25.65-b01 mixed mode bsd-amd64 compressed oops)
Heap:
 PSYoungGen      total 36352K, used 5715K [0x0000000795580000, 0x0000000797e00000, 0x00000007c0000000)
  eden space 32256K, 8% used [0x0000000795580000,0x000000079581eac8,0x0000000797500000)
  from space 4096K, 74% used [0x0000000797a00000,0x0000000797cf6158,0x0000000797e00000)
  to   space 4608K, 0% used [0x0000000797500000,0x0000000797500000,0x0000000797980000)
 ParOldGen       total 87552K, used 56K [0x0000000740000000, 0x0000000745580000, 0x0000000795580000)
  object space 87552K, 0% used [0x0000000740000000,0x000000074000e000,0x0000000745580000)
 Metaspace       used 9953K, capacity 10155K, committed 10368K, reserved 1058816K
  class space    used 1023K, capacity 1088K, committed 1152K, reserved 1048576K
GC Heap History (10 events):
Event: 8.092 GC heap before
{Heap before GC invocations=2 (full 0):
 PSYoungGen      total 38400K, used 37658K [0x0000000795580000, 0x0000000798000000, 0x00000007c0000000)
  eden space 33280K, 100% used [0x0000000795580000,0x0000000797600000,0x0000000797600000)
  from space 5120K, 85% used [0x0000000797600000,0x0000000797a46848,0x0000000797b00000)
  to   space 5120K, 0% used [0x0000000797b00000,0x0000000797b00000,0x0000000798000000)
 ParOldGen       total 87552K, used 16K [0x0000000740000000, 0x0000000745580000, 0x0000000795580000)
  object space 87552K, 0% used [0x0000000740000000,0x0000000740004000,0x0000000745580000)
 Metaspace       used 9844K, capacity 10027K, committed 10112K, reserved 1058816K
  class space    used 1022K, capacity 1088K, committed 1152K, reserved 1048576K
Event: 8.097 GC heap after
Heap after GC invocations=2 (full 0):
 PSYoungGen      total 38400K, used 2968K [0x0000000795580000, 0x0000000798000000, 0x00000007c0000000)
  eden space 33280K, 0% used [0x0000000795580000,0x0000000795580000,0x0000000797600000)
  from space 5120K, 57% used [0x0000000797b00000,0x0000000797de6158,0x0000000798000000)
  to   space 5120K, 0% used [0x0000000797600000,0x0000000797600000,0x0000000797b00000)
 ParOldGen       total 87552K, used 24K [0x0000000740000000, 0x0000000745580000, 0x0000000795580000)
  object space 87552K, 0% used [0x0000000740000000,0x0000000740006000,0x0000000745580000)
 Metaspace       used 9844K, capacity 10027K, committed 10112K, reserved 1058816K
  class space    used 1022K, capacity 1088K, committed 1152K, reserved 1048576K
}
Event: 15.524 GC heap before
{Heap before GC invocations=3 (full 0):
 PSYoungGen      total 38400K, used 36248K [0x0000000795580000, 0x0000000798000000, 0x00000007c0000000)
  eden space 33280K, 100% used [0x0000000795580000,0x0000000797600000,0x0000000797600000)
  from space 5120K, 57% used [0x0000000797b00000,0x0000000797de6158,0x0000000798000000)
  to   space 5120K, 0% used [0x0000000797600000,0x0000000797600000,0x0000000797b00000)
 ParOldGen       total 87552K, used 24K [0x0000000740000000, 0x0000000745580000, 0x0000000795580000)
  object space 87552K, 0% used [0x0000000740000000,0x0000000740006000,0x0000000745580000)
 Metaspace       used 9924K, capacity 10091K, committed 10368K, reserved 1058816K
  class space    used 1022K, capacity 1088K, committed 1152K, reserved 1048576K
Event: 15.528 GC heap after
Heap after GC invocations=3 (full 0):
 PSYoungGen      total 38400K, used 3112K [0x0000000795580000, 0x0000000798000000, 0x00000007c0000000)
  eden space 33280K, 0% used [0x0000000795580000,0x0000000795580000,0x0000000797600000)
  from space 5120K, 60% used [0x0000000797600000,0x000000079790a148,0x0000000797b00000)
  to   space 5120K, 0% used [0x0000000797b00000,0x0000000797b00000,0x0000000798000000)
 ParOldGen       total 87552K, used 32K [0x0000000740000000, 0x0000000745580000, 0x0000000795580000)
  object space 87552K, 0% used [0x0000000740000000,0x0000000740008000,0x0000000745580000)
 Metaspace       used 9924K, capacity 10091K, committed 10368K, reserved 1058816K
  class space    used 1022K, capacity 1088K, committed 1152K, reserved 1048576K
}
Event: 22.991 GC heap before
{Heap before GC invocations=4 (full 0):
 PSYoungGen      total 38400K, used 36392K [0x0000000795580000, 0x0000000798000000, 0x00000007c0000000)
  eden space 33280K, 100% used [0x0000000795580000,0x0000000797600000,0x0000000797600000)
  from space 5120K, 60% used [0x0000000797600000,0x000000079790a148,0x0000000797b00000)
  to   space 5120K, 0% used [0x0000000797b00000,0x0000000797b00000,0x0000000798000000)
 ParOldGen       total 87552K, used 32K [0x0000000740000000, 0x0000000745580000, 0x0000000795580000)
  object space 87552K, 0% used [0x0000000740000000,0x0000000740008000,0x0000000745580000)
 Metaspace       used 9935K, capacity 10155K, committed 10368K, reserved 1058816K
  class space    used 1022K, capacity 1088K, committed 1152K, reserved 1048576K
Event: 22.996 GC heap after
Heap after GC invocations=4 (full 0):
 PSYoungGen      total 38400K, used 3058K [0x0000000795580000, 0x0000000798000000, 0x00000007c0000000)
  eden space 33280K, 0% used [0x0000000795580000,0x0000000795580000,0x0000000797600000)
  from space 5120K, 59% used [0x0000000797b00000,0x0000000797dfc8f0,0x0000000798000000)
  to   space 5120K, 0% used [0x0000000797600000,0x0000000797600000,0x0000000797b00000)
 ParOldGen       total 87552K, used 40K [0x0000000740000000, 0x0000000745580000, 0x0000000795580000)
  object space 87552K, 0% used [0x0000000740000000,0x000000074000a000,0x0000000745580000)
 Metaspace       used 9935K, capacity 10155K, committed 10368K, reserved 1058816K
  class space    used 1022K, capacity 1088K, committed 1152K, reserved 1048576K
}
Event: 30.476 GC heap before
{Heap before GC invocations=5 (full 0):
 PSYoungGen      total 38400K, used 36338K [0x0000000795580000, 0x0000000798000000, 0x00000007c0000000)
  eden space 33280K, 100% used [0x0000000795580000,0x0000000797600000,0x0000000797600000)
  from space 5120K, 59% used [0x0000000797b00000,0x0000000797dfc8f0,0x0000000798000000)
  to   space 5120K, 0% used [0x0000000797600000,0x0000000797600000,0x0000000797b00000)
 ParOldGen       total 87552K, used 40K [0x0000000740000000, 0x0000000745580000, 0x0000000795580000)
  object space 87552K, 0% used [0x0000000740000000,0x000000074000a000,0x0000000745580000)
 Metaspace       used 9941K, capacity 10155K, committed 10368K, reserved 1058816K
  class space    used 1022K, capacity 1088K, committed 1152K, reserved 1048576K
Event: 30.481 GC heap after
Heap after GC invocations=5 (full 0):
 PSYoungGen      total 36352K, used 3110K [0x0000000795580000, 0x0000000797e80000, 0x00000007c0000000)
  eden space 32768K, 0% used [0x0000000795580000,0x0000000795580000,0x0000000797580000)
  from space 3584K, 86% used [0x0000000797600000,0x0000000797909868,0x0000000797980000)
  to   space 4608K, 0% used [0x0000000797a00000,0x0000000797a00000,0x0000000797e80000)
 ParOldGen       total 87552K, used 48K [0x0000000740000000, 0x0000000745580000, 0x0000000795580000)
  object space 87552K, 0% used [0x0000000740000000,0x000000074000c000,0x0000000745580000)
 Metaspace       used 9941K, capacity 10155K, committed 10368K, reserved 1058816K
  class space    used 1022K, capacity 1088K, committed 1152K, reserved 1048576K
}
Event: 37.826 GC heap before
{Heap before GC invocations=6 (full 0):
 PSYoungGen      total 36352K, used 35878K [0x0000000795580000, 0x0000000797e80000, 0x00000007c0000000)
  eden space 32768K, 100% used [0x0000000795580000,0x0000000797580000,0x0000000797580000)
  from space 3584K, 86% used [0x0000000797600000,0x0000000797909868,0x0000000797980000)
  to   space 4608K, 0% used [0x0000000797a00000,0x0000000797a00000,0x0000000797e80000)
 ParOldGen       total 87552K, used 48K [0x0000000740000000, 0x0000000745580000, 0x0000000795580000)
  object space 87552K, 0% used [0x0000000740000000,0x000000074000c000,0x0000000745580000)
 Metaspace       used 9947K, capacity 10155K, committed 10368K, reserved 1058816K
  class space    used 1022K, capacity 1088K, committed 1152K, reserved 1048576K
Event: 37.831 GC heap after
Heap after GC invocations=6 (full 0):
 PSYoungGen      total 36352K, used 3032K [0x0000000795580000, 0x0000000797e00000, 0x00000007c0000000)
  eden space 32256K, 0% used [0x0000000795580000,0x0000000795580000,0x0000000797500000)
  from space 4096K, 74% used [0x0000000797a00000,0x0000000797cf6158,0x0000000797e00000)
  to   space 4608K, 0% used [0x0000000797500000,0x0000000797500000,0x0000000797980000)
 ParOldGen       total 87552K, used 56K [0x0000000740000000, 0x0000000745580000, 0x0000000795580000)
  object space 87552K, 0% used [0x0000000740000000,0x000000074000e000,0x0000000745580000)
 Metaspace       used 9947K, capacity 10155K, committed 10368K, reserved 1058816K
  class space    used 1022K, capacity 1088K, committed 1152K, reserved 1048576K
}

